Build started 2/22/2014 1:21:10 PM.
     1>Project "Y:\Zeus\source\builder\builder.vcxproj" on node 2 (rebuild target(s)).
     1>CoreClean:
         Creating directory "Release\".
       InitializeBuildStatus:
         Creating "Release\builder.unsuccessfulbuild" because "AlwaysCreate" was specified.
       PostBuildEvent:
         cd..\..
         call make.cmd -b default
         default
         
         :VCEnd
         ================================================================================
         ZeuS package builder.
         ================================================================================
         
     1>EXEC : error : Failed to parse config file "Y:\Zeus\configs\-b\config".
         
         'default' is not recognized as an internal or external command,
         operable program or batch file.
     1>C:\Program Files (x86)\MSBuild\Microsoft.Cpp\v4.0\Microsoft.CppCommon.targets(113,5): error MSB3073: The command "cd..\..
C:\Program Files (x86)\MSBuild\Microsoft.Cpp\v4.0\Microsoft.CppCommon.targets(113,5): error MSB3073: call make.cmd -b default
C:\Program Files (x86)\MSBuild\Microsoft.Cpp\v4.0\Microsoft.CppCommon.targets(113,5): error MSB3073: default
C:\Program Files (x86)\MSBuild\Microsoft.Cpp\v4.0\Microsoft.CppCommon.targets(113,5): error MSB3073: 
C:\Program Files (x86)\MSBuild\Microsoft.Cpp\v4.0\Microsoft.CppCommon.targets(113,5): error MSB3073: :VCEnd" exited with code 9009.
     1>Done Building Project "Y:\Zeus\source\builder\builder.vcxproj" (rebuild target(s)) -- FAILED.

Build FAILED.

Time Elapsed 00:00:00.33
